Arguments: 
  C:\Program Files\nodejs\node.exe C:\Program Files (x86)\Yarn\bin\yarn.js publish

PATH: 
  C:\Program Files\Docker\Docker\Resources\bin;C:\ProgramData\Oracle\Java\javapath;C:\Python27\;C:\Python27\Scripts;C:\WINDOWS\system32;C:\WINDOWS;C:\WINDOWS\System32\Wbem;C:\WINDOWS\System32\WindowsPowerShell\v1.0\;c:\devtools\bin;C:\Program Files\SlikSvn\bin;C:\Program Files\Microsoft SQL Server\120\Tools\Binn\;C:\Program Files\Microsoft SQL Server\130\Tools\Binn\;C:\Program Files\Microsoft\Web Platform Installer\;C:\Program Files\TortoiseSVN\bin;C:\Program Files\Microsoft SQL Server\Client SDK\ODBC\110\Tools\Binn\;C:\Program Files (x86)\Microsoft SQL Server\120\Tools\Binn\ManagementStudio\;C:\Program Files (x86)\Microsoft SQL Server\120\Tools\Binn\;C:\Program Files (x86)\Microsoft SQL Server\120\DTS\Binn\;C:\Program Files (x86)\Microsoft Emulator Manager\1.0\;C:\Program Files\SourceGear\Common\DiffMerge\;C:\ProgramData\chocolatey\bin;C:\Program Files\dotnet\;C:\Program Files\OpenSSL\bin;C:\WINDOWS\system32;C:\WINDOWS;C:\WINDOWS\System32\Wbem;C:\WINDOWS\System32\WindowsPowerShell\v1.0\;C:\Program Files\nodejs\;C:\WINDOWS\System32\OpenSSH\;C:\Program Files\Git\cmd;C:\Program Files\TortoiseGit\bin;C:\Program Files (x86)\Yarn\bin\;C:\Users\s.rijken\AppData\Local\Microsoft\WindowsApps;C:\tools\cmder;C:\Program Files\Docker Toolbox;C:\Users\s.rijken\AppData\Local\Programs\Fiddler;\\tcg\devdiv\NetBuild\Tools\Motion-Twin\haxe-1.13;C:\Program Files\Microsoft VS Code\bin;C:\Users\s.rijken\AppData\Local\hyper\app-2.0.0\resources\bin;C:\Users\s.rijken\AppData\Roaming\npm;C:\Users\s.rijken\AppData\Local\Microsoft\WindowsApps;C:\Users\s.rijken\.dotnet\tools;C:\Users\s.rijken\AppData\Local\Yarn\bin;C:\Users\s.rijken\AppData\Local\Programs\Microsoft VS Code\bin

Yarn version: 
  1.9.4

Node version: 
  9.11.1

Platform: 
  win32 x64

Trace: 
  Error: canceled
      at Interface.<anonymous> (C:\Program Files (x86)\Yarn\lib\cli.js:126002:13)
      at Interface.emit (events.js:180:13)
      at Interface._ttyWrite (readline.js:783:16)
      at ReadStream.onkeypress (readline.js:163:10)
      at ReadStream.emit (events.js:180:13)
      at emitKeys (internal/readline.js:422:14)
      at emitKeys.next (<anonymous>)
      at ReadStream.onData (readline.js:1019:36)
      at ReadStream.emit (events.js:180:13)
      at addChunk (_stream_readable.js:274:12)

npm manifest: 
  {
    "name": "human-filesize",
    "version": "1.0.0",
    "description": "Converts bytes to human readable format",
    "scripts": {
      "test": "echo \"Error: no test specified\" && exit 1"
    },
    "repository": {
      "type": "git",
      "url": "git+https://github.com/srijken/human-filesize.git"
    },
    "license": "Apache2",
    "bugs": {
      "url": "https://github.com/srijken/human-filesize/issues"
    },
    "homepage": "https://github.com/srijken/human-filesize#readme"
  }

yarn manifest: 
  No manifest

Lockfile: 
  No lockfile
